# JRE version: OpenJDK Runtime Environment (8.0_242) (build 1.8.0_242-release-1644-b3-6222593)
# Java VM: OpenJDK 64-Bit Server VM (25.242-b3-6222593 mixed mode bsd-amd64 compressed oops)
Heap:
 PSYoungGen      total 161792K, used 19194K [0x0000000795580000, 0x00000007a2f80000, 0x00000007c0000000)
  eden space 126976K, 0% used [0x0000000795580000,0x0000000795580000,0x000000079d180000)
  from space 34816K, 55% used [0x000000079f280000,0x00000007a053eb78,0x00000007a1480000)
  to   space 33792K, 0% used [0x000000079d180000,0x000000079d180000,0x000000079f280000)
 ParOldGen       total 95744K, used 53995K [0x0000000740000000, 0x0000000745d80000, 0x0000000795580000)
  object space 95744K, 56% used [0x0000000740000000,0x00000007434bace8,0x0000000745d80000)
 Metaspace       used 92700K, capacity 98558K, committed 98600K, reserved 1134592K
  class space    used 12233K, capacity 13320K, committed 13360K, reserved 1048576K
GC Heap History (10 events):
Event: 7637.376 GC heap after
Heap after GC invocations=25 (full 3):
 PSYoungGen      total 168960K, used 21642K [0x0000000795580000, 0x00000007a2100000, 0x00000007c0000000)
  eden space 139776K, 0% used [0x0000000795580000,0x0000000795580000,0x000000079de00000)
  from space 29184K, 74% used [0x00000007a0480000,0x00000007a19a2b88,0x00000007a2100000)
  to   space 34304K, 0% used [0x000000079de00000,0x000000079de00000,0x000000079ff80000)
 ParOldGen       total 95744K, used 53963K [0x0000000740000000, 0x0000000745d80000, 0x0000000795580000)
  object space 95744K, 56% used [0x0000000740000000,0x00000007434b2ce8,0x0000000745d80000)
 Metaspace       used 91924K, capacity 97054K, committed 97192K, reserved 1132544K
  class space    used 12122K, capacity 13114K, committed 13232K, reserved 1048576K
}
Event: 7982.875 GC heap before
{Heap before GC invocations=26 (full 3):
 PSYoungGen      total 168960K, used 161418K [0x0000000795580000, 0x00000007a2100000, 0x00000007c0000000)
  eden space 139776K, 100% used [0x0000000795580000,0x000000079de00000,0x000000079de00000)
  from space 29184K, 74% used [0x00000007a0480000,0x00000007a19a2b88,0x00000007a2100000)
  to   space 34304K, 0% used [0x000000079de00000,0x000000079de00000,0x000000079ff80000)
 ParOldGen       total 95744K, used 53963K [0x0000000740000000, 0x0000000745d80000, 0x0000000795580000)
  object space 95744K, 56% used [0x0000000740000000,0x00000007434b2ce8,0x0000000745d80000)
 Metaspace       used 92078K, capacity 97336K, committed 97448K, reserved 1134592K
  class space    used 12129K, capacity 13127K, committed 13232K, reserved 1048576K
Event: 7983.313 GC heap after
Heap after GC invocations=26 (full 3):
 PSYoungGen      total 163840K, used 28203K [0x0000000795580000, 0x00000007a2180000, 0x00000007c0000000)
  eden space 135168K, 0% used [0x0000000795580000,0x0000000795580000,0x000000079d980000)
  from space 28672K, 98% used [0x000000079de00000,0x000000079f98acb0,0x000000079fa00000)
  to   space 36864K, 0% used [0x000000079fd80000,0x000000079fd80000,0x00000007a2180000)
 ParOldGen       total 95744K, used 53971K [0x0000000740000000, 0x0000000745d80000, 0x0000000795580000)
  object space 95744K, 56% used [0x0000000740000000,0x00000007434b4ce8,0x0000000745d80000)
 Metaspace       used 92078K, capacity 97336K, committed 97448K, reserved 1134592K
  class space    used 12129K, capacity 13127K, committed 13232K, reserved 1048576K
}
Event: 8417.177 GC heap before
{Heap before GC invocations=27 (full 3):
 PSYoungGen      total 163840K, used 163371K [0x0000000795580000, 0x00000007a2180000, 0x00000007c0000000)
  eden space 135168K, 100% used [0x0000000795580000,0x000000079d980000,0x000000079d980000)
  from space 28672K, 98% used [0x000000079de00000,0x000000079f98acb0,0x000000079fa00000)
  to   space 36864K, 0% used [0x000000079fd80000,0x000000079fd80000,0x00000007a2180000)
 ParOldGen       total 95744K, used 53971K [0x0000000740000000, 0x0000000745d80000, 0x0000000795580000)
  object space 95744K, 56% used [0x0000000740000000,0x00000007434b4ce8,0x0000000745d80000)
 Metaspace       used 92412K, capacity 97890K, committed 97960K, reserved 1134592K
  class space    used 12173K, capacity 13208K, committed 13232K, reserved 1048576K
Event: 8417.422 GC heap after
Heap after GC invocations=27 (full 3):
 PSYoungGen      total 159744K, used 16794K [0x0000000795580000, 0x00000007a1a00000, 0x00000007c0000000)
  eden space 130560K, 0% used [0x0000000795580000,0x0000000795580000,0x000000079d500000)
  from space 29184K, 57% used [0x000000079fd80000,0x00000007a0de6a10,0x00000007a1a00000)
  to   space 35328K, 0% used [0x000000079d500000,0x000000079d500000,0x000000079f780000)
 ParOldGen       total 95744K, used 53979K [0x0000000740000000, 0x0000000745d80000, 0x0000000795580000)
  object space 95744K, 56% used [0x0000000740000000,0x00000007434b6ce8,0x0000000745d80000)
 Metaspace       used 92412K, capacity 97890K, committed 97960K, reserved 1134592K
  class space    used 12173K, capacity 13208K, committed 13232K, reserved 1048576K
}
Event: 8421.385 GC heap before
{Heap before GC invocations=28 (full 3):
 PSYoungGen      total 159744K, used 147354K [0x0000000795580000, 0x00000007a1a00000, 0x00000007c0000000)
  eden space 130560K, 100% used [0x0000000795580000,0x000000079d500000,0x000000079d500000)
  from space 29184K, 57% used [0x000000079fd80000,0x00000007a0de6a10,0x00000007a1a00000)
  to   space 35328K, 0% used [0x000000079d500000,0x000000079d500000,0x000000079f780000)
 ParOldGen       total 95744K, used 53979K [0x0000000740000000, 0x0000000745d80000, 0x0000000795580000)
  object space 95744K, 56% used [0x0000000740000000,0x00000007434b6ce8,0x0000000745d80000)
 Metaspace       used 92626K, capacity 98352K, committed 98600K, reserved 1134592K
  class space    used 12214K, capacity 13285K, committed 13360K, reserved 1048576K
Event: 8421.450 GC heap after
Heap after GC invocations=28 (full 3):
 PSYoungGen      total 147456K, used 21130K [0x0000000795580000, 0x00000007a1480000, 0x00000007c0000000)
  eden space 125952K, 0% used [0x0000000795580000,0x0000000795580000,0x000000079d080000)
  from space 21504K, 98% used [0x000000079d500000,0x000000079e9a2a40,0x000000079ea00000)
  to   space 34816K, 0% used [0x000000079f280000,0x000000079f280000,0x00000007a1480000)
 ParOldGen       total 95744K, used 53987K [0x0000000740000000, 0x0000000745d80000, 0x0000000795580000)
  object space 95744K, 56% used [0x0000000740000000,0x00000007434b8ce8,0x0000000745d80000)
 Metaspace       used 92626K, capacity 98352K, committed 98600K, reserved 1134592K
  class space    used 12214K, capacity 13285K, committed 13360K, reserved 1048576K
}
Event: 8421.656 GC heap before
{Heap before GC invocations=29 (full 3):
 PSYoungGen      total 147456K, used 39857K [0x0000000795580000, 0x00000007a1480000, 0x00000007c0000000)
  eden space 125952K, 14% used [0x0000000795580000,0x00000007967c9b68,0x000000079d080000)
  from space 21504K, 98% used [0x000000079d500000,0x000000079e9a2a40,0x000000079ea00000)
  to   space 34816K, 0% used [0x000000079f280000,0x000000079f280000,0x00000007a1480000)
 ParOldGen       total 95744K, used 53987K [0x0000000740000000, 0x0000000745d80000, 0x0000000795580000)
  object space 95744K, 56% used [0x0000000740000000,0x00000007434b8ce8,0x0000000745d80000)
 Metaspace       used 92700K, capacity 98558K, committed 98600K, reserved 1134592K
  class space    used 12233K, capacity 13320K, committed 13360K, reserved 1048576K
Event: 8421.747 GC heap after
Heap after GC invocations=29 (full 3):
 PSYoungGen      total 161792K, used 19194K [0x0000000795580000, 0x00000007a2f80000, 0x00000007c0000000)
  eden space 126976K, 0% used [0x0000000795580000,0x0000000795580000,0x000000079d180000)
  from space 34816K, 55% used [0x000000079f280000,0x00000007a053eb78,0x00000007a1480000)
  to   space 33792K, 0% used [0x000000079d180000,0x000000079d180000,0x000000079f280000)
 ParOldGen       total 95744K, used 53995K [0x0000000740000000, 0x0000000745d80000, 0x0000000795580000)
  object space 95744K, 56% used [0x0000000740000000,0x00000007434bace8,0x0000000745d80000)
 Metaspace       used 92700K, capacity 98558K, committed 98600K, reserved 1134592K
  class space    used 12233K, capacity 13320K, committed 13360K, reserved 1048576K
}
Event: 8421.747 GC heap before
{Heap before GC invocations=30 (full 4):
 PSYoungGen      total 161792K, used 19194K [0x0000000795580000, 0x00000007a2f80000, 0x00000007c0000000)
  eden space 126976K, 0% used [0x0000000795580000,0x0000000795580000,0x000000079d180000)
  from space 34816K, 55% used [0x000000079f280000,0x00000007a053eb78,0x00000007a1480000)
  to   space 33792K, 0% used [0x000000079d180000,0x000000079d180000,0x000000079f280000)
 ParOldGen       total 95744K, used 53995K [0x0000000740000000, 0x0000000745d80000, 0x0000000795580000)
  object space 95744K, 56% used [0x0000000740000000,0x00000007434bace8,0x0000000745d80000)
 Metaspace       used 92700K, capacity 98558K, committed 98600K, reserved 1134592K
  class space    used 12233K, capacity 13320K, committed 13360K, reserved 1048576K

